<?xml version="1.0" encoding="UTF-8"?>
<testng-results ignored="0" total="3" passed="3" failed="0" skipped="0">
  <reporter-output>
  </reporter-output>
  <suite started-at="2023-03-14T12:36:25 IST" name="Suite" finished-at="2023-03-14T12:37:01 IST" duration-ms="36226">
    <groups>
    </groups>
    <test started-at="2023-03-14T12:36:25 IST" name="FirefoxTestcases" finished-at="2023-03-14T12:36:40 IST" duration-ms="14731">
      <class name="cross_browser.verify_title">
        <test-method signature="verifypagetitle(java.lang.String)[pri:0, instance:cross_browser.verify_title@55536d9e]" started-at="2023-03-14T12:36:25 IST" name="verifypagetitle" finished-at="2023-03-14T12:36:40 IST" duration-ms="14685" status="PASS">
          <params>
            <param index="0">
              <value>
                <![CDATA[firefox]]>
              </value>
            </param>
          </params>
          <reporter-output>
          </reporter-output>
        </test-method> <!-- verifypagetitle -->
      </class> <!-- cross_browser.verify_title -->
    </test> <!-- FirefoxTestcases -->
    <test started-at="2023-03-14T12:36:40 IST" name="ChromeTestcases" finished-at="2023-03-14T12:36:51 IST" duration-ms="11290">
      <class name="cross_browser.verify_title">
        <test-method signature="verifypagetitle(java.lang.String)[pri:0, instance:cross_browser.verify_title@fa49800]" started-at="2023-03-14T12:36:40 IST" name="verifypagetitle" finished-at="2023-03-14T12:36:51 IST" duration-ms="11284" status="PASS">
          <params>
            <param index="0">
              <value>
                <![CDATA[chrome]]>
              </value>
            </param>
          </params>
          <reporter-output>
          </reporter-output>
        </test-method> <!-- verifypagetitle -->
      </class> <!-- cross_browser.verify_title -->
    </test> <!-- ChromeTestcases -->
    <test started-at="2023-03-14T12:36:51 IST" name="InternetExplorerTestcases" finished-at="2023-03-14T12:37:01 IST" duration-ms="10121">
      <class name="cross_browser.verify_title">
        <test-method signature="verifypagetitle(java.lang.String)[pri:0, instance:cross_browser.verify_title@505fc5a4]" started-at="2023-03-14T12:36:51 IST" name="verifypagetitle" finished-at="2023-03-14T12:37:01 IST" duration-ms="10111" status="PASS">
          <params>
            <param index="0">
              <value>
                <![CDATA[IE]]>
              </value>
            </param>
          </params>
          <reporter-output>
          </reporter-output>
        </test-method> <!-- verifypagetitle -->
      </class> <!-- cross_browser.verify_title -->
    </test> <!-- InternetExplorerTestcases -->
  </suite> <!-- Suite -->
</testng-results>
